nohup: ignoring input
[INFO] Scanning for projects...
[INFO] 
[INFO] ------------------------< com.example:Playbbit >------------------------
[INFO] Building Playbbit 0.0.1-SNAPSHOT
[INFO]   from pom.xml
[INFO] --------------------------------[ jar ]---------------------------------
[INFO] 
[INFO] --- clean:3.4.1:clean (default-clean) @ Playbbit ---
[INFO] Deleting /home/siddhanttotade/Backup/Playbbit/Playbbit/target
[INFO] 
[INFO] --- resources:3.3.1:resources (default-resources) @ Playbbit ---
[INFO] Copying 2 resources from src/main/resources to target/classes
[INFO] Copying 0 resource from src/main/resources to target/classes
[INFO] 
[INFO] --- compiler:3.14.1:compile (default-compile) @ Playbbit ---
[INFO] Recompiling the module because of changed source code.
[INFO] Compiling 27 source files with javac [debug parameters release 21] to target/classes
[INFO] ------------------------------------------------------------------------
[INFO] BUILD SUCCESS
[INFO] ------------------------------------------------------------------------
[INFO] Total time:  2.456 s
[INFO] Finished at: 2026-03-07T15:54:19+05:30
[INFO] ------------------------------------------------------------------------
